nohup: ignoring input
[[1;34mINFO[m] Scanning for projects...
[[1;34mINFO[m] 
[[1;34mINFO[m] [1m-------------------------< [0;36mpi.raspberry:home[0;1m >--------------------------[m
[[1;34mINFO[m] [1mBuilding hackathon 1.0-SNAPSHOT[m
[[1;34mINFO[m] [1m--------------------------------[ jar ]---------------------------------[m
[[1;34mINFO[m] 
[[1;34mINFO[m] [1m>>> [0;32mspring-boot-maven-plugin:3.3.0:run[m [1m(default-cli)[0;1m > [0;1mtest-compile[m @ [36mhome[0;1m >>>[m
[[1;33mWARNING[m] The artifact mysql:mysql-connector-java:jar:8.0.33 has been relocated to com.mysql:mysql-connector-j:jar:8.0.33: MySQL Connector/J artifacts moved to reverse-DNS compliant Maven 2+ coordinates.
[[1;34mINFO[m] 
[[1;34mINFO[m] [1m--- [0;32mmaven-resources-plugin:2.6:resources[m [1m(default-resources)[m @ [36mhome[0;1m ---[m
[[1;33mWARNING[m] Using platform encoding (UTF-8 actually) to copy filtered resources, i.e. build is platform dependent!
[[1;34mINFO[m] Copying 1 resource
[[1;34mINFO[m] 
[[1;34mINFO[m] [1m--- [0;32mmaven-compiler-plugin:3.1:compile[m [1m(default-compile)[m @ [36mhome[0;1m ---[m
[[1;34mINFO[m] Nothing to compile - all classes are up to date
[[1;34mINFO[m] 
[[1;34mINFO[m] [1m--- [0;32mmaven-resources-plugin:2.6:testResources[m [1m(default-testResources)[m @ [36mhome[0;1m ---[m
[[1;33mWARNING[m] Using platform encoding (UTF-8 actually) to copy filtered resources, i.e. build is platform dependent!
[[1;34mINFO[m] skip non existing resourceDirectory /home/archypi/raspberrypi_home/server/src/test/resources
[[1;34mINFO[m] 
[[1;34mINFO[m] [1m--- [0;32mmaven-compiler-plugin:3.1:testCompile[m [1m(default-testCompile)[m @ [36mhome[0;1m ---[m
[[1;34mINFO[m] Nothing to compile - all classes are up to date
[[1;34mINFO[m] 
[[1;34mINFO[m] [1m<<< [0;32mspring-boot-maven-plugin:3.3.0:run[m [1m(default-cli)[0;1m < [0;1mtest-compile[m @ [36mhome[0;1m <<<[m
[[1;34mINFO[m] 
[[1;34mINFO[m] 
[[1;34mINFO[m] [1m--- [0;32mspring-boot-maven-plugin:3.3.0:run[m [1m(default-cli)[m @ [36mhome[0;1m ---[m
[[1;34mINFO[m] Attaching agents: []
  .   ____          _            __ _ _
 /\\ / ___'_ __ _ _(_)_ __  __ _ \ \ \ \
( ( )\___ | '_ | '_| | '_ \/ _` | \ \ \ \
 \\/  ___)| |_)| | | | | || (_| |  ) ) ) )
  '  |____| .__|_| |_|_| |_\__, | / / / /
 =========|_|==============|___/=/_/_/_/

 :: Spring Boot ::                (v3.3.0)

2024-06-28T12:04:01.549+02:00  INFO 3307 --- [           main] pi.raspberry.Main                        : Starting Main using Java 17.0.11 with PID 3307 (/home/archypi/raspberrypi_home/server/target/classes started by archypi in /home/archypi/raspberrypi_home/server)
2024-06-28T12:04:01.562+02:00  INFO 3307 --- [           main] pi.raspberry.Main                        : No active profile set, falling back to 1 default profile: "default"
2024-06-28T12:04:03.446+02:00  INFO 3307 --- [           main] .s.d.r.c.RepositoryConfigurationDelegate : Bootstrapping Spring Data JPA repositories in DEFAULT mode.
2024-06-28T12:04:03.592+02:00  INFO 3307 --- [           main] .s.d.r.c.RepositoryConfigurationDelegate : Finished Spring Data repository scanning in 126 ms. Found 1 JPA repository interface.
2024-06-28T12:04:05.132+02:00  INFO 3307 --- [           main] o.s.b.w.embedded.tomcat.TomcatWebServer  : Tomcat initialized with port 8080 (http)
2024-06-28T12:04:05.161+02:00  INFO 3307 --- [           main] o.apache.catalina.core.StandardService   : Starting service [Tomcat]
2024-06-28T12:04:05.162+02:00  INFO 3307 --- [           main] o.apache.catalina.core.StandardEngine    : Starting Servlet engine: [Apache Tomcat/10.1.24]
2024-06-28T12:04:05.301+02:00  INFO 3307 --- [           main] o.a.c.c.C.[Tomcat].[localhost].[/]       : Initializing Spring embedded WebApplicationContext
2024-06-28T12:04:05.305+02:00  INFO 3307 --- [           main] w.s.c.ServletWebServerApplicationContext : Root WebApplicationContext: initialization completed in 3568 ms
2024-06-28T12:04:05.685+02:00  INFO 3307 --- [           main] o.hibernate.jpa.internal.util.LogHelper  : HHH000204: Processing PersistenceUnitInfo [name: default]
2024-06-28T12:04:05.798+02:00  INFO 3307 --- [           main] org.hibernate.Version                    : HHH000412: Hibernate ORM core version 6.1.0.Final
2024-06-28T12:04:06.196+02:00  WARN 3307 --- [           main] org.hibernate.orm.deprecation            : HHH90000021: Encountered deprecated setting [javax.persistence.sharedCache.mode], use [jakarta.persistence.sharedCache.mode] instead
2024-06-28T12:04:06.451+02:00  INFO 3307 --- [           main] com.zaxxer.hikari.HikariDataSource       : HikariPool-1 - Starting...
2024-06-28T12:04:06.819+02:00  INFO 3307 --- [           main] com.zaxxer.hikari.pool.HikariPool        : HikariPool-1 - Added connection com.mysql.cj.jdbc.ConnectionImpl@21002393
2024-06-28T12:04:06.824+02:00  INFO 3307 --- [           main] com.zaxxer.hikari.HikariDataSource       : HikariPool-1 - Start completed.
2024-06-28T12:04:06.867+02:00  INFO 3307 --- [           main] SQL dialect                              : HHH000400: Using dialect: org.hibernate.dialect.MySQL5Dialect
2024-06-28T12:04:06.868+02:00  WARN 3307 --- [           main] org.hibernate.orm.deprecation            : HHH90000026: MySQL5Dialect has been deprecated; use org.hibernate.dialect.MySQLDialect instead
2024-06-28T12:04:08.675+02:00  INFO 3307 --- [           main] o.h.e.t.j.p.i.JtaPlatformInitiator       : HHH000490: Using JtaPlatform implementation: [org.hibernate.engine.transaction.jta.platform.internal.NoJtaPlatform]
2024-06-28T12:04:08.700+02:00  INFO 3307 --- [           main] j.LocalContainerEntityManagerFactoryBean : Initialized JPA EntityManagerFactory for persistence unit 'default'
2024-06-28T12:04:09.556+02:00  INFO 3307 --- [           main] com.pi4j.Pi4J                            : New auto context
2024-06-28T12:04:09.557+02:00  INFO 3307 --- [           main] com.pi4j.Pi4J                            : New context builder
2024-06-28T12:04:09.632+02:00  INFO 3307 --- [           main] c.pi4j.boardinfo.util.BoardInfoHelper    : Detected OS: Name: Linux, version: 6.6.31+rpt-rpi-v8, architecture: aarch64
2024-06-28T12:04:09.634+02:00  INFO 3307 --- [           main] c.pi4j.boardinfo.util.BoardInfoHelper    : Detected Java: Version: 17.0.11, runtime: 17.0.11+9-Debian-1deb12u1, vendor: Debian, vendor version: null
2024-06-28T12:04:09.658+02:00  INFO 3307 --- [           main] c.pi4j.boardinfo.util.BoardInfoHelper    : Detected board type MODEL_4_B by code: b03115
2024-06-28T12:04:09.660+02:00  INFO 3307 --- [           main] com.pi4j.context.impl.DefaultContext     : Detected board model: Raspberry Pi 4 Model B
2024-06-28T12:04:09.660+02:00  INFO 3307 --- [           main] com.pi4j.context.impl.DefaultContext     : Running on: Name: Linux, version: 6.6.31+rpt-rpi-v8, architecture: aarch64
2024-06-28T12:04:09.660+02:00  INFO 3307 --- [           main] com.pi4j.context.impl.DefaultContext     : With Java version: Version: 17.0.11, runtime: 17.0.11+9-Debian-1deb12u1, vendor: Debian, vendor version: null
2024-06-28T12:04:09.660+02:00  INFO 3307 --- [           main] com.pi4j.runtime.impl.DefaultRuntime     : Initializing Pi4J context/runtime...
2024-06-28T12:04:09.688+02:00  WARN 3307 --- [           main] com.pi4j.runtime.impl.DefaultRuntime     : Replacing provider DIGITAL_OUTPUT RaspberryPi Digital Output (GPIO) Provider with priority 0 with provider GpioD Digital Output (GPIO) Provider with higher priority 150
2024-06-28T12:04:09.689+02:00  WARN 3307 --- [           main] com.pi4j.runtime.impl.DefaultRuntime     : Replacing provider DIGITAL_INPUT RaspberryPi Digital Input (GPIO) Provider with priority 0 with provider GpioD Digital Input (GPIO) Provider with higher priority 150
2024-06-28T12:04:09.708+02:00  INFO 3307 --- [           main] c.p.library.gpiod.internal.GpioDContext  : Using chip gpiochip0 pinctrl-bcm2711
2024-06-28T12:04:09.710+02:00  INFO 3307 --- [           main] c.p.p.impl.DefaultRuntimePlatforms       : adding platform to managed platform map [id=raspberrypi; name=RaspberryPi Platform; priority=5; class=com.pi4j.plugin.raspberrypi.platform.RaspberryPiPlatform]
2024-06-28T12:04:09.712+02:00  INFO 3307 --- [           main] com.pi4j.runtime.impl.DefaultRuntime     : Pi4J context/runtime successfully initialized.
2024-06-28T12:04:09.865+02:00  WARN 3307 --- [           main] JpaBaseConfiguration$JpaWebConfiguration : spring.jpa.open-in-view is enabled by default. Therefore, database queries may be performed during view rendering. Explicitly configure spring.jpa.open-in-view to disable this warning
2024-06-28T12:04:09.922+02:00  INFO 3307 --- [           main] r$InitializeUserDetailsManagerConfigurer : Global AuthenticationManager configured with UserDetailsService bean with name myUserDetailsService
2024-06-28T12:04:11.121+02:00  INFO 3307 --- [           main] o.s.b.w.embedded.tomcat.TomcatWebServer  : Tomcat started on port 8080 (http) with context path '/'
2024-06-28T12:04:11.146+02:00  INFO 3307 --- [           main] pi.raspberry.Main                        : Started Main in 10.686 seconds (process running for 11.764)
2024-06-28T12:04:13.621+02:00  INFO 3307 --- [nio-8080-exec-1] o.a.c.c.C.[Tomcat].[localhost].[/]       : Initializing Spring DispatcherServlet 'dispatcherServlet'
2024-06-28T12:04:13.622+02:00  INFO 3307 --- [nio-8080-exec-1] o.s.web.servlet.DispatcherServlet        : Initializing Servlet 'dispatcherServlet'
2024-06-28T12:04:13.625+02:00  INFO 3307 --- [nio-8080-exec-1] o.s.web.servlet.DispatcherServlet        : Completed initialization in 3 ms
Hibernate: select u1_0.username,u1_0.password from users u1_0 where u1_0.username=?
Hibernate: select u1_0.username,u1_0.password from users u1_0 where u1_0.username=?
Hibernate: select u1_0.username,u1_0.password from users u1_0 where u1_0.username=?
Hibernate: select u1_0.username,u1_0.password from users u1_0 where u1_0.username=?
Hibernate: select u1_0.username,u1_0.password from users u1_0 where u1_0.username=?
Hibernate: select u1_0.username,u1_0.password from users u1_0 where u1_0.username=?
Hibernate: select u1_0.username,u1_0.password from users u1_0 where u1_0.username=?
Hibernate: select u1_0.username,u1_0.password from users u1_0 where u1_0.username=?
Hibernate: select u1_0.username,u1_0.password from users u1_0 where u1_0.username=?
Hibernate: select u1_0.username,u1_0.password from users u1_0 where u1_0.username=?
Hibernate: select u1_0.username,u1_0.password from users u1_0 where u1_0.username=?
Hibernate: select u1_0.username,u1_0.password from users u1_0 where u1_0.username=?
Hibernate: select u1_0.username,u1_0.password from users u1_0 where u1_0.username=?
Hibernate: select u1_0.username,u1_0.password from users u1_0 where u1_0.username=?
Hibernate: select u1_0.username,u1_0.password from users u1_0 where u1_0.username=?
Hibernate: select u1_0.username,u1_0.password from users u1_0 where u1_0.username=?
Hibernate: select u1_0.username,u1_0.password from users u1_0 where u1_0.username=?
Hibernate: select u1_0.username,u1_0.password from users u1_0 where u1_0.username=?
Hibernate: select u1_0.username,u1_0.password from users u1_0 where u1_0.username=?
Hibernate: select u1_0.username,u1_0.password from users u1_0 where u1_0.username=?
Hibernate: select u1_0.username,u1_0.password from users u1_0 where u1_0.username=?
Hibernate: select u1_0.username,u1_0.password from users u1_0 where u1_0.username=?
Hibernate: select u1_0.username,u1_0.password from users u1_0 where u1_0.username=?
Hibernate: select u1_0.username,u1_0.password from users u1_0 where u1_0.username=?
Hibernate: select u1_0.username,u1_0.password from users u1_0 where u1_0.username=?
Hibernate: select u1_0.username,u1_0.password from users u1_0 where u1_0.username=?
Hibernate: select u1_0.username,u1_0.password from users u1_0 where u1_0.username=?
Hibernate: select u1_0.username,u1_0.password from users u1_0 where u1_0.username=?
[0m[0m2024-06-28T12:05:56.212+02:00  INFO 3307 --- [  pi4j-shutdown] com.pi4j.runtime.impl.DefaultRuntime     : Shutting down Pi4J context/runtime...
2024-06-28T12:05:56.227+02:00  INFO 3307 --- [  pi4j-shutdown] com.pi4j.util.ExecutorPool               : Shutting down executor pool Pi4J.RUNTIME
2024-06-28T12:05:56.229+02:00  INFO 3307 --- [  pi4j-shutdown] com.pi4j.runtime.impl.DefaultRuntime     : Pi4J context/runtime successfully shutdown. Dispatching shutdown event.
2024-06-28T12:05:56.249+02:00  WARN 3307 --- [ionShutdownHook] com.pi4j.runtime.impl.DefaultRuntime     : Pi4J context/runtime is already shutdown.'
2024-06-28T12:05:56.254+02:00  INFO 3307 --- [ionShutdownHook] j.LocalContainerEntityManagerFactoryBean : Closing JPA EntityManagerFactory for persistence unit 'default'
2024-06-28T12:05:56.264+02:00  INFO 3307 --- [ionShutdownHook] com.zaxxer.hikari.HikariDataSource       : HikariPool-1 - Shutdown initiated...
2024-06-28T12:05:56.302+02:00  INFO 3307 --- [ionShutdownHook] com.zaxxer.hikari.HikariDataSource       : HikariPool-1 - Shutdown completed.
