[[1;34mINFO[m] Scanning for projects...
[[1;34mINFO[m] 
[[1;34mINFO[m] [1m-------------------------< [0;36mpi.raspberry:home[0;1m >--------------------------[m
[[1;34mINFO[m] [1mBuilding hackathon 1.0-SNAPSHOT[m
[[1;34mINFO[m] [1m--------------------------------[ jar ]---------------------------------[m
[[1;34mINFO[m] 
[[1;34mINFO[m] [1m>>> [0;32mspring-boot-maven-plugin:3.3.0:run[m [1m(default-cli)[0;1m > [0;1mtest-compile[m @ [36mhome[0;1m >>>[m
[[1;33mWARNING[m] The artifact mysql:mysql-connector-java:jar:8.0.33 has been relocated to com.mysql:mysql-connector-j:jar:8.0.33: MySQL Connector/J artifacts moved to reverse-DNS compliant Maven 2+ coordinates.
[[1;34mINFO[m] 
[[1;34mINFO[m] [1m--- [0;32mmaven-resources-plugin:2.6:resources[m [1m(default-resources)[m @ [36mhome[0;1m ---[m
[[1;33mWARNING[m] Using platform encoding (UTF-8 actually) to copy filtered resources, i.e. build is platform dependent!
[[1;34mINFO[m] Copying 1 resource
[[1;34mINFO[m] 
[[1;34mINFO[m] [1m--- [0;32mmaven-compiler-plugin:3.1:compile[m [1m(default-compile)[m @ [36mhome[0;1m ---[m
[[1;34mINFO[m] Changes detected - recompiling the module!
[[1;33mWARNING[m] File encoding has not been set, using platform encoding UTF-8, i.e. build is platform dependent!
[[1;34mINFO[m] Compiling 13 source files to /home/archy/raspberrypi_home/server/target/classes
[[1;33mWARNING[m] /home/archy/raspberrypi_home/server/src/main/java/pi/raspberry/config/SecurityConfig.java: /home/archy/raspberrypi_home/server/src/main/java/pi/raspberry/config/SecurityConfig.java uses or overrides a deprecated API that is marked for removal.
[[1;33mWARNING[m] /home/archy/raspberrypi_home/server/src/main/java/pi/raspberry/config/SecurityConfig.java: Recompile with -Xlint:removal for details.
[[1;34mINFO[m] 
[[1;34mINFO[m] [1m--- [0;32mmaven-resources-plugin:2.6:testResources[m [1m(default-testResources)[m @ [36mhome[0;1m ---[m
[[1;33mWARNING[m] Using platform encoding (UTF-8 actually) to copy filtered resources, i.e. build is platform dependent!
[[1;34mINFO[m] skip non existing resourceDirectory /home/archy/raspberrypi_home/server/src/test/resources
[[1;34mINFO[m] 
[[1;34mINFO[m] [1m--- [0;32mmaven-compiler-plugin:3.1:testCompile[m [1m(default-testCompile)[m @ [36mhome[0;1m ---[m
[[1;34mINFO[m] Nothing to compile - all classes are up to date
[[1;34mINFO[m] 
[[1;34mINFO[m] [1m<<< [0;32mspring-boot-maven-plugin:3.3.0:run[m [1m(default-cli)[0;1m < [0;1mtest-compile[m @ [36mhome[0;1m <<<[m
[[1;34mINFO[m] 
[[1;34mINFO[m] 
[[1;34mINFO[m] [1m--- [0;32mspring-boot-maven-plugin:3.3.0:run[m [1m(default-cli)[m @ [36mhome[0;1m ---[m
[[1;34mINFO[m] Attaching agents: []
  .   ____          _            __ _ _
 /\\ / ___'_ __ _ _(_)_ __  __ _ \ \ \ \
( ( )\___ | '_ | '_| | '_ \/ _` | \ \ \ \
 \\/  ___)| |_)| | | | | || (_| |  ) ) ) )
  '  |____| .__|_| |_|_| |_\__, | / / / /
 =========|_|==============|___/=/_/_/_/

 :: Spring Boot ::                (v3.3.0)

2025-01-04T13:35:49.081+01:00  INFO 3455 --- [           main] pi.raspberry.Main                        : Starting Main using Java 17.0.13 with PID 3455 (/home/archy/raspberrypi_home/server/target/classes started by archy in /home/archy/raspberrypi_home/server)
2025-01-04T13:35:49.096+01:00  INFO 3455 --- [           main] pi.raspberry.Main                        : No active profile set, falling back to 1 default profile: "default"
2025-01-04T13:35:51.537+01:00  INFO 3455 --- [           main] .s.d.r.c.RepositoryConfigurationDelegate : Bootstrapping Spring Data JPA repositories in DEFAULT mode.
2025-01-04T13:35:51.732+01:00  INFO 3455 --- [           main] .s.d.r.c.RepositoryConfigurationDelegate : Finished Spring Data repository scanning in 168 ms. Found 1 JPA repository interface.
2025-01-04T13:35:53.599+01:00  INFO 3455 --- [           main] o.s.b.w.embedded.tomcat.TomcatWebServer  : Tomcat initialized with port 8080 (http)
2025-01-04T13:35:53.634+01:00  INFO 3455 --- [           main] o.apache.catalina.core.StandardService   : Starting service [Tomcat]
2025-01-04T13:35:53.635+01:00  INFO 3455 --- [           main] o.apache.catalina.core.StandardEngine    : Starting Servlet engine: [Apache Tomcat/10.1.24]
2025-01-04T13:35:53.847+01:00  INFO 3455 --- [           main] o.a.c.c.C.[Tomcat].[localhost].[/]       : Initializing Spring embedded WebApplicationContext
2025-01-04T13:35:53.852+01:00  INFO 3455 --- [           main] w.s.c.ServletWebServerApplicationContext : Root WebApplicationContext: initialization completed in 4536 ms
2025-01-04T13:35:54.306+01:00  INFO 3455 --- [           main] o.hibernate.jpa.internal.util.LogHelper  : HHH000204: Processing PersistenceUnitInfo [name: default]
2025-01-04T13:35:54.463+01:00  INFO 3455 --- [           main] org.hibernate.Version                    : HHH000412: Hibernate ORM core version 6.1.0.Final
2025-01-04T13:35:55.016+01:00  WARN 3455 --- [           main] org.hibernate.orm.deprecation            : HHH90000021: Encountered deprecated setting [javax.persistence.sharedCache.mode], use [jakarta.persistence.sharedCache.mode] instead
2025-01-04T13:35:55.371+01:00  INFO 3455 --- [           main] com.zaxxer.hikari.HikariDataSource       : HikariPool-1 - Starting...
2025-01-04T13:35:55.841+01:00  INFO 3455 --- [           main] com.zaxxer.hikari.pool.HikariPool        : HikariPool-1 - Added connection com.mysql.cj.jdbc.ConnectionImpl@1282e98
2025-01-04T13:35:55.847+01:00  INFO 3455 --- [           main] com.zaxxer.hikari.HikariDataSource       : HikariPool-1 - Start completed.
2025-01-04T13:35:55.903+01:00  INFO 3455 --- [           main] SQL dialect                              : HHH000400: Using dialect: org.hibernate.dialect.MySQL5Dialect
2025-01-04T13:35:55.904+01:00  WARN 3455 --- [           main] org.hibernate.orm.deprecation            : HHH90000026: MySQL5Dialect has been deprecated; use org.hibernate.dialect.MySQLDialect instead
2025-01-04T13:35:58.329+01:00  INFO 3455 --- [           main] o.h.e.t.j.p.i.JtaPlatformInitiator       : HHH000490: Using JtaPlatform implementation: [org.hibernate.engine.transaction.jta.platform.internal.NoJtaPlatform]
2025-01-04T13:35:58.359+01:00  INFO 3455 --- [           main] j.LocalContainerEntityManagerFactoryBean : Initialized JPA EntityManagerFactory for persistence unit 'default'
2025-01-04T13:35:59.544+01:00  INFO 3455 --- [           main] com.pi4j.Pi4J                            : New auto context
2025-01-04T13:35:59.545+01:00  INFO 3455 --- [           main] com.pi4j.Pi4J                            : New context builder
2025-01-04T13:35:59.657+01:00  INFO 3455 --- [           main] c.pi4j.boardinfo.util.BoardInfoHelper    : Detected OS: Name: Linux, version: 6.6.62+rpt-rpi-v8, architecture: aarch64
2025-01-04T13:35:59.659+01:00  INFO 3455 --- [           main] c.pi4j.boardinfo.util.BoardInfoHelper    : Detected Java: Version: 17.0.13, runtime: 17.0.13+11-Debian-2deb12u1, vendor: Debian, vendor version: null
2025-01-04T13:35:59.693+01:00  INFO 3455 --- [           main] c.pi4j.boardinfo.util.BoardInfoHelper    : Detected board type MODEL_4_B by code: b03115
2025-01-04T13:35:59.694+01:00  INFO 3455 --- [           main] com.pi4j.context.impl.DefaultContext     : Detected board model: Raspberry Pi 4 Model B
2025-01-04T13:35:59.695+01:00  INFO 3455 --- [           main] com.pi4j.context.impl.DefaultContext     : Running on: Name: Linux, version: 6.6.62+rpt-rpi-v8, architecture: aarch64
2025-01-04T13:35:59.695+01:00  INFO 3455 --- [           main] com.pi4j.context.impl.DefaultContext     : With Java version: Version: 17.0.13, runtime: 17.0.13+11-Debian-2deb12u1, vendor: Debian, vendor version: null
2025-01-04T13:35:59.696+01:00  INFO 3455 --- [           main] com.pi4j.runtime.impl.DefaultRuntime     : Initializing Pi4J context/runtime...
2025-01-04T13:35:59.736+01:00  WARN 3455 --- [           main] com.pi4j.runtime.impl.DefaultRuntime     : Replacing provider DIGITAL_OUTPUT RaspberryPi Digital Output (GPIO) Provider with priority 0 with provider GpioD Digital Output (GPIO) Provider with higher priority 150
2025-01-04T13:35:59.736+01:00  WARN 3455 --- [           main] com.pi4j.runtime.impl.DefaultRuntime     : Replacing provider DIGITAL_INPUT RaspberryPi Digital Input (GPIO) Provider with priority 0 with provider GpioD Digital Input (GPIO) Provider with higher priority 150
2025-01-04T13:35:59.763+01:00  INFO 3455 --- [           main] c.p.library.gpiod.internal.GpioDContext  : Using chip gpiochip0 pinctrl-bcm2711
2025-01-04T13:35:59.766+01:00  INFO 3455 --- [           main] c.p.p.impl.DefaultRuntimePlatforms       : adding platform to managed platform map [id=raspberrypi; name=RaspberryPi Platform; priority=5; class=com.pi4j.plugin.raspberrypi.platform.RaspberryPiPlatform]
2025-01-04T13:35:59.769+01:00  INFO 3455 --- [           main] com.pi4j.runtime.impl.DefaultRuntime     : Pi4J context/runtime successfully initialized.
2025-01-04T13:35:59.981+01:00  WARN 3455 --- [           main] JpaBaseConfiguration$JpaWebConfiguration : spring.jpa.open-in-view is enabled by default. Therefore, database queries may be performed during view rendering. Explicitly configure spring.jpa.open-in-view to disable this warning
2025-01-04T13:36:00.066+01:00  INFO 3455 --- [           main] r$InitializeUserDetailsManagerConfigurer : Global AuthenticationManager configured with UserDetailsService bean with name myUserDetailsService
2025-01-04T13:36:01.670+01:00  INFO 3455 --- [           main] o.s.b.w.embedded.tomcat.TomcatWebServer  : Tomcat started on port 8080 (http) with context path '/'
2025-01-04T13:36:01.703+01:00  INFO 3455 --- [           main] pi.raspberry.Main                        : Started Main in 13.947 seconds (process running for 15.107)
2025-01-04T13:39:48.656+01:00  INFO 3455 --- [nio-8080-exec-1] o.a.c.c.C.[Tomcat].[localhost].[/]       : Initializing Spring DispatcherServlet 'dispatcherServlet'
2025-01-04T13:39:48.657+01:00  INFO 3455 --- [nio-8080-exec-1] o.s.web.servlet.DispatcherServlet        : Initializing Servlet 'dispatcherServlet'
2025-01-04T13:39:48.661+01:00  INFO 3455 --- [nio-8080-exec-1] o.s.web.servlet.DispatcherServlet        : Completed initialization in 3 ms
Hibernate: select u1_0.username,u1_0.password from users u1_0 where u1_0.username=?
Hibernate: select u1_0.username,u1_0.password from users u1_0 where u1_0.username=?
Hibernate: select u1_0.username,u1_0.password from users u1_0 where u1_0.username=?
Hibernate: select u1_0.username,u1_0.password from users u1_0 where u1_0.username=?
Hibernate: select u1_0.username,u1_0.password from users u1_0 where u1_0.username=?
Hibernate: select u1_0.username,u1_0.password from users u1_0 where u1_0.username=?
Hibernate: select u1_0.username,u1_0.password from users u1_0 where u1_0.username=?
Hibernate: select u1_0.username,u1_0.password from users u1_0 where u1_0.username=?
Hibernate: select u1_0.username,u1_0.password from users u1_0 where u1_0.username=?
Hibernate: select u1_0.username,u1_0.password from users u1_0 where u1_0.username=?
Hibernate: select u1_0.username,u1_0.password from users u1_0 where u1_0.username=?
Hibernate: select u1_0.username,u1_0.password from users u1_0 where u1_0.username=?
Hibernate: select u1_0.username,u1_0.password from users u1_0 where u1_0.username=?
Hibernate: select u1_0.username,u1_0.password from users u1_0 where u1_0.username=?
Hibernate: select u1_0.username,u1_0.password from users u1_0 where u1_0.username=?
Hibernate: select u1_0.username,u1_0.password from users u1_0 where u1_0.username=?
Hibernate: select u1_0.username,u1_0.password from users u1_0 where u1_0.username=?
Hibernate: select u1_0.username,u1_0.password from users u1_0 where u1_0.username=?
Hibernate: select u1_0.username,u1_0.password from users u1_0 where u1_0.username=?
Hibernate: select u1_0.username,u1_0.password from users u1_0 where u1_0.username=?
Hibernate: select u1_0.username,u1_0.password from users u1_0 where u1_0.username=?
Hibernate: select u1_0.username,u1_0.password from users u1_0 where u1_0.username=?
Hibernate: select u1_0.username,u1_0.password from users u1_0 where u1_0.username=?
Hibernate: select u1_0.username,u1_0.password from users u1_0 where u1_0.username=?
Hibernate: select u1_0.username,u1_0.password from users u1_0 where u1_0.username=?
Hibernate: select u1_0.username,u1_0.password from users u1_0 where u1_0.username=?
Hibernate: select u1_0.username,u1_0.password from users u1_0 where u1_0.username=?
Hibernate: select u1_0.username,u1_0.password from users u1_0 where u1_0.username=?
Hibernate: select u1_0.username,u1_0.password from users u1_0 where u1_0.username=?
Hibernate: select u1_0.username,u1_0.password from users u1_0 where u1_0.username=?
Hibernate: select u1_0.username,u1_0.password from users u1_0 where u1_0.username=?
Hibernate: select u1_0.username,u1_0.password from users u1_0 where u1_0.username=?
Hibernate: select u1_0.username,u1_0.password from users u1_0 where u1_0.username=?
Hibernate: select u1_0.username,u1_0.password from users u1_0 where u1_0.username=?
Hibernate: select u1_0.username,u1_0.password from users u1_0 where u1_0.username=?
Hibernate: select u1_0.username,u1_0.password from users u1_0 where u1_0.username=?
Hibernate: select u1_0.username,u1_0.password from users u1_0 where u1_0.username=?
Hibernate: select u1_0.username,u1_0.password from users u1_0 where u1_0.username=?
Hibernate: select u1_0.username,u1_0.password from users u1_0 where u1_0.username=?
Hibernate: select u1_0.username,u1_0.password from users u1_0 where u1_0.username=?
Hibernate: select u1_0.username,u1_0.password from users u1_0 where u1_0.username=?
Hibernate: select u1_0.username,u1_0.password from users u1_0 where u1_0.username=?
Hibernate: select u1_0.username,u1_0.password from users u1_0 where u1_0.username=?
Hibernate: select u1_0.username,u1_0.password from users u1_0 where u1_0.username=?
Hibernate: select u1_0.username,u1_0.password from users u1_0 where u1_0.username=?
Hibernate: select u1_0.username,u1_0.password from users u1_0 where u1_0.username=?
Hibernate: select u1_0.username,u1_0.password from users u1_0 where u1_0.username=?
Hibernate: select u1_0.username,u1_0.password from users u1_0 where u1_0.username=?
Hibernate: select u1_0.username,u1_0.password from users u1_0 where u1_0.username=?
Hibernate: select u1_0.username,u1_0.password from users u1_0 where u1_0.username=?
Hibernate: select u1_0.username,u1_0.password from users u1_0 where u1_0.username=?
Hibernate: select u1_0.username,u1_0.password from users u1_0 where u1_0.username=?
Hibernate: select u1_0.username,u1_0.password from users u1_0 where u1_0.username=?
Hibernate: select u1_0.username,u1_0.password from users u1_0 where u1_0.username=?
Hibernate: select u1_0.username,u1_0.password from users u1_0 where u1_0.username=?
Hibernate: select u1_0.username,u1_0.password from users u1_0 where u1_0.username=?
Hibernate: select u1_0.username,u1_0.password from users u1_0 where u1_0.username=?
Hibernate: select u1_0.username,u1_0.password from users u1_0 where u1_0.username=?
Hibernate: select u1_0.username,u1_0.password from users u1_0 where u1_0.username=?
Hibernate: select u1_0.username,u1_0.password from users u1_0 where u1_0.username=?
Hibernate: select u1_0.username,u1_0.password from users u1_0 where u1_0.username=?
Hibernate: select u1_0.username,u1_0.password from users u1_0 where u1_0.username=?
Hibernate: select u1_0.username,u1_0.password from users u1_0 where u1_0.username=?
Hibernate: select u1_0.username,u1_0.password from users u1_0 where u1_0.username=?
Hibernate: select u1_0.username,u1_0.password from users u1_0 where u1_0.username=?
Hibernate: select u1_0.username,u1_0.password from users u1_0 where u1_0.username=?
Hibernate: select u1_0.username,u1_0.password from users u1_0 where u1_0.username=?
Hibernate: select u1_0.username,u1_0.password from users u1_0 where u1_0.username=?
Hibernate: select u1_0.username,u1_0.password from users u1_0 where u1_0.username=?
Hibernate: select u1_0.username,u1_0.password from users u1_0 where u1_0.username=?
Hibernate: select u1_0.username,u1_0.password from users u1_0 where u1_0.username=?
Hibernate: select u1_0.username,u1_0.password from users u1_0 where u1_0.username=?
Hibernate: select u1_0.username,u1_0.password from users u1_0 where u1_0.username=?
Hibernate: select u1_0.username,u1_0.password from users u1_0 where u1_0.username=?
Hibernate: select u1_0.username,u1_0.password from users u1_0 where u1_0.username=?
Hibernate: select u1_0.username,u1_0.password from users u1_0 where u1_0.username=?
Hibernate: select u1_0.username,u1_0.password from users u1_0 where u1_0.username=?
Hibernate: select u1_0.username,u1_0.password from users u1_0 where u1_0.username=?
Hibernate: select u1_0.username,u1_0.password from users u1_0 where u1_0.username=?
Hibernate: select u1_0.username,u1_0.password from users u1_0 where u1_0.username=?
Hibernate: select u1_0.username,u1_0.password from users u1_0 where u1_0.username=?
Hibernate: select u1_0.username,u1_0.password from users u1_0 where u1_0.username=?
Hibernate: select u1_0.username,u1_0.password from users u1_0 where u1_0.username=?
Hibernate: select u1_0.username,u1_0.password from users u1_0 where u1_0.username=?
Hibernate: select u1_0.username,u1_0.password from users u1_0 where u1_0.username=?
