[[1;34mINFO[m] Scanning for projects...
[[1;34mINFO[m] 
[[1;34mINFO[m] [1m-------------------------< [0;36mpi.raspberry:home[0;1m >--------------------------[m
[[1;34mINFO[m] [1mBuilding hackathon 1.0-SNAPSHOT[m
[[1;34mINFO[m] [1m--------------------------------[ jar ]---------------------------------[m
[[1;34mINFO[m] 
[[1;34mINFO[m] [1m>>> [0;32mspring-boot-maven-plugin:3.3.0:run[m [1m(default-cli)[0;1m > [0;1mtest-compile[m @ [36mhome[0;1m >>>[m
[[1;33mWARNING[m] The artifact mysql:mysql-connector-java:jar:8.0.33 has been relocated to com.mysql:mysql-connector-j:jar:8.0.33: MySQL Connector/J artifacts moved to reverse-DNS compliant Maven 2+ coordinates.
[[1;34mINFO[m] 
[[1;34mINFO[m] [1m--- [0;32mmaven-resources-plugin:2.6:resources[m [1m(default-resources)[m @ [36mhome[0;1m ---[m
[[1;33mWARNING[m] Using platform encoding (UTF-8 actually) to copy filtered resources, i.e. build is platform dependent!
[[1;34mINFO[m] Copying 1 resource
[[1;34mINFO[m] 
[[1;34mINFO[m] [1m--- [0;32mmaven-compiler-plugin:3.1:compile[m [1m(default-compile)[m @ [36mhome[0;1m ---[m
[[1;34mINFO[m] Nothing to compile - all classes are up to date
[[1;34mINFO[m] 
[[1;34mINFO[m] [1m--- [0;32mmaven-resources-plugin:2.6:testResources[m [1m(default-testResources)[m @ [36mhome[0;1m ---[m
[[1;33mWARNING[m] Using platform encoding (UTF-8 actually) to copy filtered resources, i.e. build is platform dependent!
[[1;34mINFO[m] skip non existing resourceDirectory /home/archy/raspberrypi_home/server/src/test/resources
[[1;34mINFO[m] 
[[1;34mINFO[m] [1m--- [0;32mmaven-compiler-plugin:3.1:testCompile[m [1m(default-testCompile)[m @ [36mhome[0;1m ---[m
[[1;34mINFO[m] Nothing to compile - all classes are up to date
[[1;34mINFO[m] 
[[1;34mINFO[m] [1m<<< [0;32mspring-boot-maven-plugin:3.3.0:run[m [1m(default-cli)[0;1m < [0;1mtest-compile[m @ [36mhome[0;1m <<<[m
[[1;34mINFO[m] 
[[1;34mINFO[m] 
[[1;34mINFO[m] [1m--- [0;32mspring-boot-maven-plugin:3.3.0:run[m [1m(default-cli)[m @ [36mhome[0;1m ---[m
[[1;34mINFO[m] Attaching agents: []
  .   ____          _            __ _ _
 /\\ / ___'_ __ _ _(_)_ __  __ _ \ \ \ \
( ( )\___ | '_ | '_| | '_ \/ _` | \ \ \ \
 \\/  ___)| |_)| | | | | || (_| |  ) ) ) )
  '  |____| .__|_| |_|_| |_\__, | / / / /
 =========|_|==============|___/=/_/_/_/

 :: Spring Boot ::                (v3.3.0)

2025-01-04T11:56:28.855+01:00  INFO 2010 --- [           main] pi.raspberry.Main                        : Starting Main using Java 17.0.13 with PID 2010 (/home/archy/raspberrypi_home/server/target/classes started by archy in /home/archy/raspberrypi_home/server)
2025-01-04T11:56:28.868+01:00  INFO 2010 --- [           main] pi.raspberry.Main                        : No active profile set, falling back to 1 default profile: "default"
2025-01-04T11:56:31.350+01:00  INFO 2010 --- [           main] .s.d.r.c.RepositoryConfigurationDelegate : Bootstrapping Spring Data JPA repositories in DEFAULT mode.
2025-01-04T11:56:31.534+01:00  INFO 2010 --- [           main] .s.d.r.c.RepositoryConfigurationDelegate : Finished Spring Data repository scanning in 156 ms. Found 1 JPA repository interface.
2025-01-04T11:56:33.227+01:00  INFO 2010 --- [           main] o.s.b.w.embedded.tomcat.TomcatWebServer  : Tomcat initialized with port 8080 (http)
2025-01-04T11:56:33.261+01:00  INFO 2010 --- [           main] o.apache.catalina.core.StandardService   : Starting service [Tomcat]
2025-01-04T11:56:33.262+01:00  INFO 2010 --- [           main] o.apache.catalina.core.StandardEngine    : Starting Servlet engine: [Apache Tomcat/10.1.24]
2025-01-04T11:56:33.447+01:00  INFO 2010 --- [           main] o.a.c.c.C.[Tomcat].[localhost].[/]       : Initializing Spring embedded WebApplicationContext
2025-01-04T11:56:33.451+01:00  INFO 2010 --- [           main] w.s.c.ServletWebServerApplicationContext : Root WebApplicationContext: initialization completed in 4405 ms
2025-01-04T11:56:33.925+01:00  INFO 2010 --- [           main] o.hibernate.jpa.internal.util.LogHelper  : HHH000204: Processing PersistenceUnitInfo [name: default]
2025-01-04T11:56:34.134+01:00  INFO 2010 --- [           main] org.hibernate.Version                    : HHH000412: Hibernate ORM core version 6.1.0.Final
2025-01-04T11:56:34.726+01:00  WARN 2010 --- [           main] org.hibernate.orm.deprecation            : HHH90000021: Encountered deprecated setting [javax.persistence.sharedCache.mode], use [jakarta.persistence.sharedCache.mode] instead
2025-01-04T11:56:35.058+01:00  INFO 2010 --- [           main] com.zaxxer.hikari.HikariDataSource       : HikariPool-1 - Starting...
2025-01-04T11:56:35.556+01:00  INFO 2010 --- [           main] com.zaxxer.hikari.pool.HikariPool        : HikariPool-1 - Added connection com.mysql.cj.jdbc.ConnectionImpl@4db0ba1c
2025-01-04T11:56:35.563+01:00  INFO 2010 --- [           main] com.zaxxer.hikari.HikariDataSource       : HikariPool-1 - Start completed.
2025-01-04T11:56:35.623+01:00  INFO 2010 --- [           main] SQL dialect                              : HHH000400: Using dialect: org.hibernate.dialect.MySQL5Dialect
2025-01-04T11:56:35.624+01:00  WARN 2010 --- [           main] org.hibernate.orm.deprecation            : HHH90000026: MySQL5Dialect has been deprecated; use org.hibernate.dialect.MySQLDialect instead
2025-01-04T11:56:37.663+01:00  INFO 2010 --- [           main] o.h.e.t.j.p.i.JtaPlatformInitiator       : HHH000490: Using JtaPlatform implementation: [org.hibernate.engine.transaction.jta.platform.internal.NoJtaPlatform]
2025-01-04T11:56:37.689+01:00  INFO 2010 --- [           main] j.LocalContainerEntityManagerFactoryBean : Initialized JPA EntityManagerFactory for persistence unit 'default'
2025-01-04T11:56:38.764+01:00  INFO 2010 --- [           main] com.pi4j.Pi4J                            : New auto context
2025-01-04T11:56:38.765+01:00  INFO 2010 --- [           main] com.pi4j.Pi4J                            : New context builder
2025-01-04T11:56:38.853+01:00  INFO 2010 --- [           main] c.pi4j.boardinfo.util.BoardInfoHelper    : Detected OS: Name: Linux, version: 6.6.62+rpt-rpi-v8, architecture: aarch64
2025-01-04T11:56:38.855+01:00  INFO 2010 --- [           main] c.pi4j.boardinfo.util.BoardInfoHelper    : Detected Java: Version: 17.0.13, runtime: 17.0.13+11-Debian-2deb12u1, vendor: Debian, vendor version: null
2025-01-04T11:56:38.880+01:00  INFO 2010 --- [           main] c.pi4j.boardinfo.util.BoardInfoHelper    : Detected board type MODEL_4_B by code: b03115
2025-01-04T11:56:38.881+01:00  INFO 2010 --- [           main] com.pi4j.context.impl.DefaultContext     : Detected board model: Raspberry Pi 4 Model B
2025-01-04T11:56:38.882+01:00  INFO 2010 --- [           main] com.pi4j.context.impl.DefaultContext     : Running on: Name: Linux, version: 6.6.62+rpt-rpi-v8, architecture: aarch64
2025-01-04T11:56:38.882+01:00  INFO 2010 --- [           main] com.pi4j.context.impl.DefaultContext     : With Java version: Version: 17.0.13, runtime: 17.0.13+11-Debian-2deb12u1, vendor: Debian, vendor version: null
2025-01-04T11:56:38.882+01:00  INFO 2010 --- [           main] com.pi4j.runtime.impl.DefaultRuntime     : Initializing Pi4J context/runtime...
2025-01-04T11:56:38.911+01:00  WARN 2010 --- [           main] com.pi4j.runtime.impl.DefaultRuntime     : Replacing provider DIGITAL_INPUT RaspberryPi Digital Input (GPIO) Provider with priority 0 with provider GpioD Digital Input (GPIO) Provider with higher priority 150
2025-01-04T11:56:38.912+01:00  WARN 2010 --- [           main] com.pi4j.runtime.impl.DefaultRuntime     : Replacing provider DIGITAL_OUTPUT RaspberryPi Digital Output (GPIO) Provider with priority 0 with provider GpioD Digital Output (GPIO) Provider with higher priority 150
2025-01-04T11:56:38.944+01:00  INFO 2010 --- [           main] c.p.library.gpiod.internal.GpioDContext  : Using chip gpiochip0 pinctrl-bcm2711
2025-01-04T11:56:38.946+01:00  INFO 2010 --- [           main] c.p.p.impl.DefaultRuntimePlatforms       : adding platform to managed platform map [id=raspberrypi; name=RaspberryPi Platform; priority=5; class=com.pi4j.plugin.raspberrypi.platform.RaspberryPiPlatform]
2025-01-04T11:56:38.949+01:00  INFO 2010 --- [           main] com.pi4j.runtime.impl.DefaultRuntime     : Pi4J context/runtime successfully initialized.
2025-01-04T11:56:39.113+01:00  WARN 2010 --- [           main] JpaBaseConfiguration$JpaWebConfiguration : spring.jpa.open-in-view is enabled by default. Therefore, database queries may be performed during view rendering. Explicitly configure spring.jpa.open-in-view to disable this warning
2025-01-04T11:56:39.200+01:00  INFO 2010 --- [           main] r$InitializeUserDetailsManagerConfigurer : Global AuthenticationManager configured with UserDetailsService bean with name myUserDetailsService
2025-01-04T11:56:43.437+01:00  INFO 2010 --- [           main] o.s.b.w.embedded.tomcat.TomcatWebServer  : Tomcat started on port 8080 (http) with context path '/'
2025-01-04T11:56:43.463+01:00  INFO 2010 --- [           main] pi.raspberry.Main                        : Started Main in 16.002 seconds (process running for 17.117)
2025-01-04T12:24:38.790+01:00  INFO 2010 --- [nio-8080-exec-1] o.a.c.c.C.[Tomcat].[localhost].[/]       : Initializing Spring DispatcherServlet 'dispatcherServlet'
2025-01-04T12:24:38.792+01:00  INFO 2010 --- [nio-8080-exec-1] o.s.web.servlet.DispatcherServlet        : Initializing Servlet 'dispatcherServlet'
2025-01-04T12:24:38.797+01:00  INFO 2010 --- [nio-8080-exec-1] o.s.web.servlet.DispatcherServlet        : Completed initialization in 3 ms
Hibernate: select u1_0.username,u1_0.password from users u1_0 where u1_0.username=?
Hibernate: select u1_0.username,u1_0.password from users u1_0 where u1_0.username=?
Hibernate: select u1_0.username,u1_0.password from users u1_0 where u1_0.username=?
Hibernate: select u1_0.username,u1_0.password from users u1_0 where u1_0.username=?
Hibernate: insert into users (password, username) values (?, ?)
Hibernate: select u1_0.username,u1_0.password from users u1_0 where u1_0.username=?
Hibernate: select u1_0.username,u1_0.password from users u1_0 where u1_0.username=?
Hibernate: select u1_0.username,u1_0.password from users u1_0 where u1_0.username=?
Hibernate: select u1_0.username,u1_0.password from users u1_0 where u1_0.username=?
Hibernate: select u1_0.username,u1_0.password from users u1_0 where u1_0.username=?
Hibernate: select u1_0.username,u1_0.password from users u1_0 where u1_0.username=?
Hibernate: select u1_0.username,u1_0.password from users u1_0 where u1_0.username=?
Hibernate: select u1_0.username,u1_0.password from users u1_0 where u1_0.username=?
Hibernate: select u1_0.username,u1_0.password from users u1_0 where u1_0.username=?
Hibernate: select u1_0.username,u1_0.password from users u1_0 where u1_0.username=?
Hibernate: select u1_0.username,u1_0.password from users u1_0 where u1_0.username=?
Hibernate: select u1_0.username,u1_0.password from users u1_0 where u1_0.username=?
Hibernate: select u1_0.username,u1_0.password from users u1_0 where u1_0.username=?
Hibernate: select u1_0.username,u1_0.password from users u1_0 where u1_0.username=?
